# JRE version: OpenJDK Runtime Environment (8.0_232-b09) (build 1.8.0_232-ea-8u232-b09-0ubuntu1-b09)
# Java VM: OpenJDK 64-Bit Server VM (25.232-b09 mixed mode linux-amd64 compressed oops)
Heap:
 PSYoungGen      total 470528K, used 203894K [0x000000076ca00000, 0x000000078b180000, 0x00000007c0000000)
  eden space 450560K, 40% used [0x000000076ca00000,0x0000000777d9f7d0,0x0000000788200000)
  from space 19968K, 99% used [0x0000000789800000,0x000000078ab7e180,0x000000078ab80000)
  to   space 22528K, 0% used [0x0000000788200000,0x0000000788200000,0x0000000789800000)
 ParOldGen       total 171520K, used 31333K [0x00000006c5e00000, 0x00000006d0580000, 0x000000076ca00000)
  object space 171520K, 18% used [0x00000006c5e00000,0x00000006c7c99598,0x00000006d0580000)
 Metaspace       used 52939K, capacity 53754K, committed 54184K, reserved 1095680K
  class space    used 6955K, capacity 7248K, committed 7336K, reserved 1048576K
GC Heap History (10 events):
Event: 4.988 GC heap before
{Heap before GC invocations=8 (full 2):
 PSYoungGen      total 268288K, used 257536K [0x000000076ca00000, 0x000000077e080000, 0x00000007c0000000)
  eden space 257536K, 100% used [0x000000076ca00000,0x000000077c580000,0x000000077c580000)
  from space 10752K, 0% used [0x000000077c580000,0x000000077c580000,0x000000077d000000)
  to   space 12288K, 0% used [0x000000077d480000,0x000000077d480000,0x000000077e080000)
 ParOldGen       total 171520K, used 16627K [0x00000006c5e00000, 0x00000006d0580000, 0x000000076ca00000)
  object space 171520K, 9% used [0x00000006c5e00000,0x00000006c6e3cd40,0x00000006d0580000)
 Metaspace       used 42601K, capacity 43302K, committed 43688K, reserved 1087488K
  class space    used 5959K, capacity 6195K, committed 6312K, reserved 1048576K
Event: 4.998 GC heap after
Heap after GC invocations=8 (full 2):
 PSYoungGen      total 271360K, used 12278K [0x000000076ca00000, 0x0000000784680000, 0x00000007c0000000)
  eden space 259072K, 0% used [0x000000076ca00000,0x000000076ca00000,0x000000077c700000)
  from space 12288K, 99% used [0x000000077d480000,0x000000077e07d8c0,0x000000077e080000)
  to   space 13824K, 0% used [0x000000077c700000,0x000000077c700000,0x000000077d480000)
 ParOldGen       total 171520K, used 17659K [0x00000006c5e00000, 0x00000006d0580000, 0x000000076ca00000)
  object space 171520K, 10% used [0x00000006c5e00000,0x00000006c6f3ecc8,0x00000006d0580000)
 Metaspace       used 42601K, capacity 43302K, committed 43688K, reserved 1087488K
  class space    used 5959K, capacity 6195K, committed 6312K, reserved 1048576K
}
Event: 5.450 GC heap before
{Heap before GC invocations=9 (full 2):
 PSYoungGen      total 271360K, used 271350K [0x000000076ca00000, 0x0000000784680000, 0x00000007c0000000)
  eden space 259072K, 100% used [0x000000076ca00000,0x000000077c700000,0x000000077c700000)
  from space 12288K, 99% used [0x000000077d480000,0x000000077e07d8c0,0x000000077e080000)
  to   space 13824K, 0% used [0x000000077c700000,0x000000077c700000,0x000000077d480000)
 ParOldGen       total 171520K, used 17659K [0x00000006c5e00000, 0x00000006d0580000, 0x000000076ca00000)
  object space 171520K, 10% used [0x00000006c5e00000,0x00000006c6f3ecc8,0x00000006d0580000)
 Metaspace       used 42626K, capacity 43378K, committed 43944K, reserved 1087488K
  class space    used 5960K, capacity 6197K, committed 6312K, reserved 1048576K
Event: 5.457 GC heap after
Heap after GC invocations=9 (full 2):
 PSYoungGen      total 272896K, used 8440K [0x000000076ca00000, 0x0000000784a80000, 0x00000007c0000000)
  eden space 259072K, 0% used [0x000000076ca00000,0x000000076ca00000,0x000000077c700000)
  from space 13824K, 61% used [0x000000077c700000,0x000000077cf3e2c0,0x000000077d480000)
  to   space 13824K, 0% used [0x0000000783d00000,0x0000000783d00000,0x0000000784a80000)
 ParOldGen       total 171520K, used 17659K [0x00000006c5e00000, 0x00000006d0580000, 0x000000076ca00000)
  object space 171520K, 10% used [0x00000006c5e00000,0x00000006c6f3ecc8,0x00000006d0580000)
 Metaspace       used 42626K, capacity 43378K, committed 43944K, reserved 1087488K
  class space    used 5960K, capacity 6197K, committed 6312K, reserved 1048576K
}
Event: 6.379 GC heap before
{Heap before GC invocations=10 (full 2):
 PSYoungGen      total 272896K, used 267512K [0x000000076ca00000, 0x0000000784a80000, 0x00000007c0000000)
  eden space 259072K, 100% used [0x000000076ca00000,0x000000077c700000,0x000000077c700000)
  from space 13824K, 61% used [0x000000077c700000,0x000000077cf3e2c0,0x000000077d480000)
  to   space 13824K, 0% used [0x0000000783d00000,0x0000000783d00000,0x0000000784a80000)
 ParOldGen       total 171520K, used 17659K [0x00000006c5e00000, 0x00000006d0580000, 0x000000076ca00000)
  object space 171520K, 10% used [0x00000006c5e00000,0x00000006c6f3ecc8,0x00000006d0580000)
 Metaspace       used 44718K, capacity 45404K, committed 45736K, reserved 1089536K
  class space    used 6218K, capacity 6460K, committed 6568K, reserved 1048576K
Event: 6.390 GC heap after
Heap after GC invocations=10 (full 2):
 PSYoungGen      total 376832K, used 11169K [0x000000076ca00000, 0x0000000784900000, 0x00000007c0000000)
  eden space 364544K, 0% used [0x000000076ca00000,0x000000076ca00000,0x0000000782e00000)
  from space 12288K, 90% used [0x0000000783d00000,0x00000007847e8560,0x0000000784900000)
  to   space 13824K, 0% used [0x0000000782e00000,0x0000000782e00000,0x0000000783b80000)
 ParOldGen       total 171520K, used 17667K [0x00000006c5e00000, 0x00000006d0580000, 0x000000076ca00000)
  object space 171520K, 10% used [0x00000006c5e00000,0x00000006c6f40cc8,0x00000006d0580000)
 Metaspace       used 44718K, capacity 45404K, committed 45736K, reserved 1089536K
  class space    used 6218K, capacity 6460K, committed 6568K, reserved 1048576K
}
Event: 8.995 GC heap before
{Heap before GC invocations=11 (full 2):
 PSYoungGen      total 376832K, used 375713K [0x000000076ca00000, 0x0000000784900000, 0x00000007c0000000)
  eden space 364544K, 100% used [0x000000076ca00000,0x0000000782e00000,0x0000000782e00000)
  from space 12288K, 90% used [0x0000000783d00000,0x00000007847e8560,0x0000000784900000)
  to   space 13824K, 0% used [0x0000000782e00000,0x0000000782e00000,0x0000000783b80000)
 ParOldGen       total 171520K, used 17667K [0x00000006c5e00000, 0x00000006d0580000, 0x000000076ca00000)
  object space 171520K, 10% used [0x00000006c5e00000,0x00000006c6f40cc8,0x00000006d0580000)
 Metaspace       used 51434K, capacity 52180K, committed 52520K, reserved 1095680K
  class space    used 6837K, capacity 7135K, committed 7208K, reserved 1048576K
Event: 9.027 GC heap after
Heap after GC invocations=11 (full 2):
 PSYoungGen      total 378368K, used 13819K [0x000000076ca00000, 0x000000078ab80000, 0x00000007c0000000)
  eden space 364544K, 0% used [0x000000076ca00000,0x000000076ca00000,0x0000000782e00000)
  from space 13824K, 99% used [0x0000000782e00000,0x0000000783b7ec80,0x0000000783b80000)
  to   space 19968K, 0% used [0x0000000789800000,0x0000000789800000,0x000000078ab80000)
 ParOldGen       total 171520K, used 30140K [0x00000006c5e00000, 0x00000006d0580000, 0x000000076ca00000)
  object space 171520K, 17% used [0x00000006c5e00000,0x00000006c7b6f2b0,0x00000006d0580000)
 Metaspace       used 51434K, capacity 52180K, committed 52520K, reserved 1095680K
  class space    used 6837K, capacity 7135K, committed 7208K, reserved 1048576K
}
Event: 10.244 GC heap before
{Heap before GC invocations=12 (full 2):
 PSYoungGen      total 378368K, used 378363K [0x000000076ca00000, 0x000000078ab80000, 0x00000007c0000000)
  eden space 364544K, 100% used [0x000000076ca00000,0x0000000782e00000,0x0000000782e00000)
  from space 13824K, 99% used [0x0000000782e00000,0x0000000783b7ec80,0x0000000783b80000)
  to   space 19968K, 0% used [0x0000000789800000,0x0000000789800000,0x000000078ab80000)
 ParOldGen       total 171520K, used 30140K [0x00000006c5e00000, 0x00000006d0580000, 0x000000076ca00000)
  object space 171520K, 17% used [0x00000006c5e00000,0x00000006c7b6f2b0,0x00000006d0580000)
 Metaspace       used 52188K, capacity 52958K, committed 53288K, reserved 1095680K
  class space    used 6889K, capacity 7174K, committed 7208K, reserved 1048576K
Event: 10.261 GC heap after
Heap after GC invocations=12 (full 2):
 PSYoungGen      total 470528K, used 19960K [0x000000076ca00000, 0x000000078b180000, 0x00000007c0000000)
  eden space 450560K, 0% used [0x000000076ca00000,0x000000076ca00000,0x0000000788200000)
  from space 19968K, 99% used [0x0000000789800000,0x000000078ab7e180,0x000000078ab80000)
  to   space 22528K, 0% used [0x0000000788200000,0x0000000788200000,0x0000000789800000)
 ParOldGen       total 171520K, used 31333K [0x00000006c5e00000, 0x00000006d0580000, 0x000000076ca00000)
  object space 171520K, 18% used [0x00000006c5e00000,0x00000006c7c99598,0x00000006d0580000)
 Metaspace       used 52188K, capacity 52958K, committed 53288K, reserved 1095680K
  class space    used 6889K, capacity 7174K, committed 7208K, reserved 1048576K
}

